#
# A fatal error has been detected by the Java Runtime Environment:
#
#  SIGSEGV (0xb) at pc=0x00000001239a7381, pid=13912, tid=2571
#
# JRE version: Java(TM) SE Runtime Environment (8.0_31-b13) (build 1.8.0_31-b13)
# Java VM: Java HotSpot(TM) 64-Bit Server VM (25.31-b07 mixed mode bsd-amd64 compressed oops)
# Problematic frame:
# C  [libglass.dylib+0x16381]  GlassScreenDidChangeScreenParameters+0x21
#
# Failed to write core dump. Core dumps have been disabled. To enable core dumping, try "ulimit -c unlimited" before starting Java again
#
# If you would like to submit a bug report, please visit:
#   http://bugreport.java.com/bugreport/crash.jsp
#

---------------  T H R E A D  ---------------

Current thread is native thread

siginfo: si_signo: 11 (SIGSEGV), si_code: 1 (SEGV_MAPERR), si_addr: 0x0000000000000000

Registers:
RAX=0x00000001239d9d48, RBX=0x0000000000000000, RCX=0x0000000000000103, RDX=0x0000010000000100
RSP=0x00007fff584c5de0, RBP=0x00007fff584c5df0, RSI=0x00007fa2b07010e0, RDI=0x0000000000000000
R8 =0x0000000000000040, R9 =0x00007fff774d41e0, R10=0xffffffffffffffff, R11=0x0000000000000246
R12=0x00007fa2b057a0e0, R13=0x00007fa2b0744470, R14=0x00007fa2b07444b0, R15=0x0000000000000000
RIP=0x00000001239a7381, EFLAGS=0x0000000000010246, ERR=0x0000000000000004
  TRAPNO=0x000000000000000e

Top of Stack: (sp=0x00007fff584c5de0)
0x00007fff584c5de0:   00007fff584c5e38 00007fa2b07444b0
0x00007fff584c5df0:   00007fff584c5e00 00007fff9216ac9c
0x00007fff584c5e00:   00007fff584c5e20 00007fff9216ac2f
0x00007fff584c5e10:   0000000000000000 0000000000000000
0x00007fff584c5e20:   00007fff584c5e90 00007fff9216aba7
0x00007fff584c5e30:   00007fff9252a6e0 00007fff7700c0a0
0x00007fff584c5e40:   0000000042000000 00007fff9216abf0
0x00007fff584c5e50:   00007fff77e116f0 00007fa2b0744470
0x00007fff584c5e60:   00007fa2b057a0e0 00007fff584c6638
0x00007fff584c5e70:   00007fff77f3e6d0 00007fff584c6638
0x00007fff584c5e80:   00007fa2b0744470 00007fff92529a02
0x00007fff584c5e90:   00007fff584c5ed0 00007fff9216a912
0x00007fff584c5ea0:   00007fff584c64b0 0000000000000000
0x00007fff584c5eb0:   00007fff77f3e6d0 00007fff584c6638
0x00007fff584c5ec0:   00007fff8b732e40 00007fff92529a02
0x00007fff584c5ed0:   00007fff584c65e0 00007fff921276d2
0x00007fff584c5ee0:   00007fa2b053d300 0000000000000002
0x00007fff584c5ef0:   0000000000000000 00007fa2b2014920
0x00007fff584c5f00:   00007fa2b0809048 00007fa2b055ae30
0x00007fff584c5f10:   0000000000000000 00007fa2b0744510
0x00007fff584c5f20:   0000000000000000 0000000000000000
0x00007fff584c5f30:   00007fff77e4eb50 00007fff584c64b0
0x00007fff584c5f40:   0000000000000001 0000000000000100
0x00007fff584c5f50:   0000000000001400 00007fff584c63b0
0x00007fff584c5f60:   0000000000000000 0000000000000100
0x00007fff584c5f70:   4095a40000000000 00007fff77f3e6d0
0x00007fff584c5f80:   0000000000000000 00007fff77e12490
0x00007fff584c5f90:   00007fff77f3e6d0 0000000000000000
0x00007fff584c5fa0:   00007fff77e12490 00007fa2b0551200
0x00007fff584c5fb0:   00007fa2b053d300 00007fff932271b3
0x00007fff584c5fc0:   00000000001b2101 00007fff76c7c300
0x00007fff584c5fd0:   00000000001b2100 0000000076c7c300 

Instructions: (pc=0x00000001239a7381)
0x00000001239a7361:   48 89 e5 41 56 53 48 8d 05 d2 2a 03 00 48 83 38
0x00000001239a7371:   00 48 89 fb 75 72 48 8d 05 ca 29 03 00 48 8b 30
0x00000001239a7381:   48 8b 03 48 8d 15 7c 99 01 00 48 8d 0d 5e 6f 01
0x00000001239a7391:   00 48 89 df ff 90 88 03 00 00 48 8d 0d 9e 2a 03 

Register to memory mapping:

RAX=0x00000001239d9d48: jScreenClass+0 in /Library/Java/JavaVirtualMachines/jdk1.8.0_31.jdk/Contents/Home/jre/lib/libglass.dylib at 0x0000000123991000
RBX=0x0000000000000000 is an unknown value
RCX=0x0000000000000103 is an unknown value
RDX=0x0000010000000100 is an unknown value
RSP=0x00007fff584c5de0 is an unknown value
RBP=0x00007fff584c5df0 is an unknown value
RSI=0x00007fa2b07010e0 is a global jni handle
RDI=0x0000000000000000 is an unknown value
R8 =0x0000000000000040 is an unknown value
R9 =0x00007fff774d41e0: __sFX+0x1c0 in /usr/lib/system/libsystem_c.dylib at 0x00007fff8e52a000
R10=0xffffffffffffffff is an unknown value
R11=0x0000000000000246 is an unknown value
R12=0x00007fa2b057a0e0 is an unknown value
R13=0x00007fa2b0744470 is an unknown value
R14=0x00007fa2b07444b0 is an unknown value
R15=0x0000000000000000 is an unknown value


Stack: [0x00007fff57cca000,0x00007fff584ca000],  sp=0x00007fff584c5de0,  free space=8175k
Native frames: (J=compiled Java code, j=interpreted, Vv=VM code, C=native code)
C  [libglass.dylib+0x16381]  GlassScreenDidChangeScreenParameters+0x21
C  [CoreFoundation+0xa0c9c]  __CFNOTIFICATIONCENTER_IS_CALLING_OUT_TO_AN_OBSERVER__+0xc
C  [CoreFoundation+0xa0c2f]  ___CFXRegistrationPost_block_invoke+0x3f
C  [CoreFoundation+0xa0ba7]  _CFXRegistrationPost+0x197
C  [CoreFoundation+0xa0912]  ___CFXNotificationPost_block_invoke+0x32
C  [CoreFoundation+0x5d6d2]  -[_CFXNotificationRegistrar find:object:observer:enumerator:]+0x782
C  [CoreFoundation+0x5c925]  _CFXNotificationPost+0x2b5
C  [Foundation+0x70fa]  -[NSNotificationCenter postNotificationName:object:userInfo:]+0x42
C  [AppKit+0x41da66]  -[NSApplication _reactToScreenInvalidationImmediately:]+0x17f
C  [AppKit+0x41d8b7]  __44-[NSApplication _reactToScreenInvalidation:]_block_invoke+0x3b
C  [CoreFoundation+0xaa4dc]  __CFRUNLOOP_IS_CALLING_OUT_TO_A_BLOCK__+0xc
C  [CoreFoundation+0x89df5]  __CFRunLoopDoBlocks+0x155
C  [CoreFoundation+0x89b5b]  __CFRunLoopRun+0x92b
C  [CoreFoundation+0x88fc8]  CFRunLoopRunSpecific+0x128
C  [java+0x56cc]  CreateExecutionEnvironment+0x367
C  [java+0x165c]  JLI_Launch+0x7a0
C  [java+0x768a]  main+0x65
C  [java+0xeb4]  start+0x34


---------------  P R O C E S S  ---------------

VM state:at safepoint (normal execution)

VM Mutex/Monitor currently owned by a thread:  ([mutex/lock_event])
[0x00007fa2b0419240] Threads_lock - owner thread: 0x00007fa2b3809800
[0x00007fa2b0419740] Heap_lock - owner thread: 0x00007fa2b39f8800

Heap:
 PSYoungGen      total 38400K, used 18512K [0x0000000795580000, 0x0000000798000000, 0x00000007c0000000)
  eden space 33280K, 55% used [0x0000000795580000,0x00000007967943b8,0x0000000797600000)
  from space 5120K, 0% used [0x0000000797b00000,0x0000000797b00000,0x0000000798000000)
  to   space 5120K, 0% used [0x0000000797600000,0x0000000797600000,0x0000000797b00000)
 ParOldGen       total 87552K, used 0K [0x0000000740000000, 0x0000000745580000, 0x0000000795580000)
  object space 87552K, 0% used [0x0000000740000000,0x0000000740000000,0x0000000745580000)
 Metaspace       used 8801K, capacity 9164K, committed 9216K, reserved 1056768K
  class space    used 1172K, capacity 1269K, committed 1280K, reserved 1048576K

Card table byte_map: [0x0000000118da7000,0x00000001191a8000] byte_map_base: 0x00000001153a7000

Marking Bits: (ParMarkBitMap*) 0x000000010929e410
 Begin Bits: [0x0000000119453000, 0x000000011b453000)
 End Bits:   [0x000000011b453000, 0x000000011d453000)

Polling page: 0x00000001079f7000

CodeCache: size=245760Kb used=2657Kb max_used=2657Kb free=243102Kb
 bounds [0x00000001099e7000, 0x0000000109c87000, 0x00000001189e7000]
 total_blobs=1074 nmethods=625 adapters=364
 compilation: enabled

Compilation events (10 events):
Event: 0.587 Thread 0x00007fa2b3011800  621       1       java.nio.Buffer::position (5 bytes)
Event: 0.587 Thread 0x00007fa2b3011800 nmethod 621 0x0000000109c7ea10 code [0x0000000109c7eb60, 0x0000000109c7ec70]
Event: 0.618 Thread 0x00007fa2b3011800  622       1       java.lang.invoke.MethodType::parameterCount (6 bytes)
Event: 0.618 Thread 0x00007fa2b3011800 nmethod 622 0x0000000109c7ecd0 code [0x0000000109c7ee20, 0x0000000109c7ef30]
Event: 0.621 Thread 0x00007fa2b3011800  623       3       java.lang.invoke.MemberName::isMethod (7 bytes)
Event: 0.621 Thread 0x00007fa2b3011800 nmethod 623 0x0000000109c7f510 code [0x0000000109c7f680, 0x0000000109c7f8f0]
Event: 0.623 Thread 0x00007fa2b3011800  624       1       java.nio.Buffer::limit (5 bytes)
Event: 0.623 Thread 0x00007fa2b3011800 nmethod 624 0x0000000109c7f9d0 code [0x0000000109c7fb20, 0x0000000109c7fc30]
Event: 0.623 Thread 0x00007fa2b3011800  625       3       java.nio.ByteBuffer::arrayOffset (35 bytes)
Event: 0.623 Thread 0x00007fa2b3011800 nmethod 625 0x0000000109c7fc90 code [0x0000000109c7fe20, 0x0000000109c80118]

GC Heap History (0 events):
No events

Deoptimization events (1 events):
Event: 0.518 Thread 0x00007fa2b306a800 Uncommon trap: reason=unreached action=reinterpret pc=0x0000000109c26cb4 method=java.util.HashMap.getNode(ILjava/lang/Object;)Ljava/util/HashMap$Node; @ 84

Internal exceptions (10 events):
Event: 0.151 Thread 0x00007fa2b0813000 Exception <a 'java/lang/NoSuchFieldError': method resolution failed> (0x00000007959b6d60) thrown at [/Users/java_re/workspace/8-2-build-macosx-x86_64/jdk8u31/2394/hotspot/src/share/vm/prims/methodHandles.cpp, line 1159]
Event: 0.151 Thread 0x00007fa2b0813000 Exception <a 'java/lang/NoSuchFieldError': method resolution failed> (0x00000007959b9ec0) thrown at [/Users/java_re/workspace/8-2-build-macosx-x86_64/jdk8u31/2394/hotspot/src/share/vm/prims/methodHandles.cpp, line 1159]
Event: 0.168 Thread 0x00007fa2b0888000 Exception <a 'java/security/PrivilegedActionException'> (0x0000000795a2f188) thrown at [/Users/java_re/workspace/8-2-build-macosx-x86_64/jdk8u31/2394/hotspot/src/share/vm/prims/jvm.cpp, line 1312]
Event: 0.168 Thread 0x00007fa2b0888000 Exception <a 'java/security/PrivilegedActionException'> (0x0000000795a2f340) thrown at [/Users/java_re/workspace/8-2-build-macosx-x86_64/jdk8u31/2394/hotspot/src/share/vm/prims/jvm.cpp, line 1312]
Event: 0.168 Thread 0x00007fa2b0888000 Exception <a 'java/security/PrivilegedActionException'> (0x0000000795a32530) thrown at [/Users/java_re/workspace/8-2-build-macosx-x86_64/jdk8u31/2394/hotspot/src/share/vm/prims/jvm.cpp, line 1312]
Event: 0.168 Thread 0x00007fa2b0888000 Exception <a 'java/security/PrivilegedActionException'> (0x0000000795a326e8) thrown at [/Users/java_re/workspace/8-2-build-macosx-x86_64/jdk8u31/2394/hotspot/src/share/vm/prims/jvm.cpp, line 1312]
Event: 0.168 Thread 0x00007fa2b0888000 Exception <a 'java/lang/NullPointerException'> (0x0000000795a32e78) thrown at [/Users/java_re/workspace/8-2-build-macosx-x86_64/jdk8u31/2394/hotspot/src/share/vm/interpreter/linkResolver.cpp, line 1178]
Event: 0.477 Thread 0x00007fa2b306a800 Exception <a 'java/lang/NullPointerException'> (0x0000000796244a50) thrown at [/Users/java_re/workspace/8-2-build-macosx-x86_64/jdk8u31/2394/hotspot/src/share/vm/interpreter/linkResolver.cpp, line 1178]
Event: 0.477 Thread 0x00007fa2b306a800 Exception <a 'java/lang/NullPointerException'> (0x0000000796244a50) thrown at [/Users/java_re/workspace/8-2-build-macosx-x86_64/jdk8u31/2394/hotspot/src/share/vm/prims/jvm.cpp, line 1316]
Event: 0.622 Thread 0x00007fa2b0813000 Exception <a 'java/lang/reflect/InvocationTargetException'> (0x00000007959f8bb8) thrown at [/Users/java_re/workspace/8-2-build-macosx-x86_64/jdk8u31/2394/hotspot/src/share/vm/runtime/reflection.cpp, line 1080]

Events (10 events):
Event: 0.622 loading class java/lang/Throwable$WrappedPrintStream done
Event: 0.622 loading class java/util/IdentityHashMap$KeySet
Event: 0.622 loading class java/util/IdentityHashMap$KeySet done
Event: 0.623 Thread 0x00007fa2b0813000 Thread exited: 0x00007fa2b0813000
Event: 0.623 Thread 0x00007fa2b39f8800 Thread added: 0x00007fa2b39f8800
Event: 0.623 loading class java/util/IdentityHashMap$KeyIterator
Event: 0.623 loading class java/util/IdentityHashMap$IdentityHashMapIterator
Event: 0.623 loading class java/util/IdentityHashMap$IdentityHashMapIterator done
Event: 0.623 loading class java/util/IdentityHashMap$KeyIterator done
Event: 0.623 Thread 0x00007fa2b39f8800 Thread exited: 0x00007fa2b39f8800


Dynamic libraries:
0x00000000060d7000 	/System/Library/Frameworks/Cocoa.framework/Versions/A/Cocoa
0x00000000060d7000 	/System/Library/Frameworks/Security.framework/Versions/A/Security
0x00000000060d7000 	/System/Library/Frameworks/ApplicationServices.framework/Versions/A/ApplicationServices
0x00000000060d7000 	/usr/lib/libz.1.dylib
0x00000000060d7000 	/usr/lib/libSystem.B.dylib
0x00000000060d7000 	/usr/lib/libobjc.A.dylib
0x00000000060d7000 	/System/Library/Frameworks/CoreFoundation.framework/Versions/A/CoreFoundation
0x00000000060d7000 	/System/Library/Frameworks/Foundation.framework/Versions/C/Foundation
0x00000000060d7000 	/System/Library/Frameworks/AppKit.framework/Versions/C/AppKit
0x00000000060d7000 	/System/Library/Frameworks/CoreData.framework/Versions/A/CoreData
0x00000000060d7000 	/System/Library/PrivateFrameworks/RemoteViewServices.framework/Versions/A/RemoteViewServices
0x00000000060d7000 	/System/Library/PrivateFrameworks/UIFoundation.framework/Versions/A/UIFoundation
0x00000000060d7000 	/usr/lib/libScreenReader.dylib
0x00000000060d7000 	/System/Library/Frameworks/Accelerate.framework/Versions/A/Accelerate
0x00000000060d7000 	/System/Library/Frameworks/IOSurface.framework/Versions/A/IOSurface
0x00000000060d7000 	/System/Library/Frameworks/AudioToolbox.framework/Versions/A/AudioToolbox
0x00000000060d7000 	/System/Library/Frameworks/AudioUnit.framework/Versions/A/AudioUnit
0x00000000060d7000 	/System/Library/PrivateFrameworks/DataDetectorsCore.framework/Versions/A/DataDetectorsCore
0x00000000060d7000 	/System/Library/PrivateFrameworks/DesktopServicesPriv.framework/Versions/A/DesktopServicesPriv
0x00000000060d7000 	/System/Library/Frameworks/Carbon.framework/Versions/A/Frameworks/HIToolbox.framework/Versions/A/HIToolbox
0x00000000060d7000 	/System/Library/Frameworks/QuartzCore.framework/Versions/A/QuartzCore
0x00000000060d7000 	/System/Library/Frameworks/Carbon.framework/Versions/A/Frameworks/SpeechRecognition.framework/Versions/A/SpeechRecognition
0x00000000060d7000 	/usr/lib/libauto.dylib
0x00000000060d7000 	/usr/lib/libicucore.A.dylib
0x00000000060d7000 	/usr/lib/libxml2.2.dylib
0x00000000060d7000 	/System/Library/PrivateFrameworks/CoreUI.framework/Versions/A/CoreUI
0x00000000060d7000 	/System/Library/Frameworks/CoreAudio.framework/Versions/A/CoreAudio
0x00000000060d7000 	/System/Library/Frameworks/DiskArbitration.framework/Versions/A/DiskArbitration
0x00000000060d7000 	/usr/lib/liblangid.dylib
0x00000000060d7000 	/System/Library/PrivateFrameworks/MultitouchSupport.framework/Versions/A/MultitouchSupport
0x00000000060d7000 	/System/Library/Frameworks/IOKit.framework/Versions/A/IOKit
0x00000000060d7000 	/usr/lib/libDiagnosticMessagesClient.dylib
0x00000000060d7000 	/System/Library/Frameworks/CoreServices.framework/Versions/A/CoreServices
0x00000000060d7000 	/System/Library/PrivateFrameworks/PerformanceAnalysis.framework/Versions/A/PerformanceAnalysis
0x00000000060d7000 	/System/Library/PrivateFrameworks/GenerationalStorage.framework/Versions/A/GenerationalStorage
0x00000000060d7000 	/System/Library/Frameworks/OpenGL.framework/Versions/A/OpenGL
0x00000000060d7000 	/System/Library/PrivateFrameworks/Sharing.framework/Versions/A/Sharing
0x00000000060d7000 	/System/Library/Frameworks/CoreGraphics.framework/Versions/A/CoreGraphics
0x00000000060d7000 	/System/Library/Frameworks/CoreImage.framework/Versions/A/CoreImage
0x00000000060d7000 	/System/Library/Frameworks/CoreText.framework/Versions/A/CoreText
0x00000000060d7000 	/System/Library/Frameworks/ImageIO.framework/Versions/A/ImageIO
0x00000000060d7000 	/System/Library/PrivateFrameworks/Backup.framework/Versions/A/Backup
0x00000000060d7000 	/usr/lib/libextension.dylib
0x00000000060d7000 	/usr/lib/libarchive.2.dylib
0x00000000060d7000 	/System/Library/Frameworks/CFNetwork.framework/Versions/A/CFNetwork
0x00000000060d7000 	/System/Library/Frameworks/SystemConfiguration.framework/Versions/A/SystemConfiguration
0x00000000060d7000 	/usr/lib/libCRFSuite.dylib
0x00000000060d7000 	/usr/lib/libc++.1.dylib
0x00000000060d7000 	/usr/lib/libc++abi.dylib
0x00000000060d7000 	/usr/lib/system/libcache.dylib
0x00000000060d7000 	/usr/lib/system/libcommonCrypto.dylib
0x00000000060d7000 	/usr/lib/system/libcompiler_rt.dylib
0x00000000060d7000 	/usr/lib/system/libcopyfile.dylib
0x00000000060d7000 	/usr/lib/system/libcorecrypto.dylib
0x00000000060d7000 	/usr/lib/system/libdispatch.dylib
0x00000000060d7000 	/usr/lib/system/libdyld.dylib
0x00000000060d7000 	/usr/lib/system/libkeymgr.dylib
0x00000000060d7000 	/usr/lib/system/liblaunch.dylib
0x00000000060d7000 	/usr/lib/system/libmacho.dylib
0x00000000060d7000 	/usr/lib/system/libquarantine.dylib
0x00000000060d7000 	/usr/lib/system/libremovefile.dylib
0x00000000060d7000 	/usr/lib/system/libsystem_asl.dylib
0x00000000060d7000 	/usr/lib/system/libsystem_blocks.dylib
0x00000000060d7000 	/usr/lib/system/libsystem_c.dylib
0x00000000060d7000 	/usr/lib/system/libsystem_configuration.dylib
0x00000000060d7000 	/usr/lib/system/libsystem_coreservices.dylib
0x00000000060d7000 	/usr/lib/system/libsystem_coretls.dylib
0x00000000060d7000 	/usr/lib/system/libsystem_dnssd.dylib
0x00000000060d7000 	/usr/lib/system/libsystem_info.dylib
0x00000000060d7000 	/usr/lib/system/libsystem_kernel.dylib
0x00000000060d7000 	/usr/lib/system/libsystem_m.dylib
0x00000000060d7000 	/usr/lib/system/libsystem_malloc.dylib
0x00000000060d7000 	/usr/lib/system/libsystem_network.dylib
0x00000000060d7000 	/usr/lib/system/libsystem_networkextension.dylib
0x00000000060d7000 	/usr/lib/system/libsystem_notify.dylib
0x00000000060d7000 	/usr/lib/system/libsystem_platform.dylib
0x00000000060d7000 	/usr/lib/system/libsystem_pthread.dylib
0x00000000060d7000 	/usr/lib/system/libsystem_sandbox.dylib
0x00000000060d7000 	/usr/lib/system/libsystem_secinit.dylib
0x00000000060d7000 	/usr/lib/system/libsystem_trace.dylib
0x00000000060d7000 	/usr/lib/system/libunc.dylib
0x00000000060d7000 	/usr/lib/system/libunwind.dylib
0x00000000060d7000 	/usr/lib/system/libxpc.dylib
0x00000000060d7000 	/usr/lib/libenergytrace.dylib
0x00000000060d7000 	/usr/lib/libbsm.0.dylib
0x00000000060d7000 	/usr/lib/system/libkxld.dylib
0x00000000060d7000 	/usr/lib/libxar.1.dylib
0x00000000060d7000 	/usr/lib/libsqlite3.dylib
0x00000000060d7000 	/usr/lib/libpam.2.dylib
0x00000000060d7000 	/usr/lib/libOpenScriptingUtil.dylib
0x00000000060d7000 	/usr/lib/libbz2.1.0.dylib
0x00000000060d7000 	/usr/lib/liblzma.5.dylib
0x00000000060d7000 	/System/Library/Frameworks/CoreServices.framework/Versions/A/Frameworks/FSEvents.framework/Versions/A/FSEvents
0x00000000060d7000 	/System/Library/Frameworks/CoreServices.framework/Versions/A/Frameworks/CarbonCore.framework/Versions/A/CarbonCore
0x00000000060d7000 	/System/Library/Frameworks/CoreServices.framework/Versions/A/Frameworks/Metadata.framework/Versions/A/Metadata
0x00000000060d7000 	/System/Library/Frameworks/CoreServices.framework/Versions/A/Frameworks/OSServices.framework/Versions/A/OSServices
0x00000000060d7000 	/System/Library/Frameworks/CoreServices.framework/Versions/A/Frameworks/SearchKit.framework/Versions/A/SearchKit
0x00000000060d7000 	/System/Library/Frameworks/CoreServices.framework/Versions/A/Frameworks/AE.framework/Versions/A/AE
0x00000000060d7000 	/System/Library/Frameworks/CoreServices.framework/Versions/A/Frameworks/LaunchServices.framework/Versions/A/LaunchServices
0x00000000060d7000 	/System/Library/Frameworks/CoreServices.framework/Versions/A/Frameworks/DictionaryServices.framework/Versions/A/DictionaryServices
0x00000000060d7000 	/System/Library/Frameworks/CoreServices.framework/Versions/A/Frameworks/SharedFileList.framework/Versions/A/SharedFileList
0x00000000060d7000 	/System/Library/Frameworks/NetFS.framework/Versions/A/NetFS
0x00000000060d7000 	/System/Library/PrivateFrameworks/NetAuth.framework/Versions/A/NetAuth
0x00000000060d7000 	/System/Library/PrivateFrameworks/login.framework/Versions/A/Frameworks/loginsupport.framework/Versions/A/loginsupport
0x00000000060d7000 	/System/Library/PrivateFrameworks/TCC.framework/Versions/A/TCC
0x00000000060d7000 	/usr/lib/libmecabra.dylib
0x00000000060d7000 	/System/Library/Frameworks/ApplicationServices.framework/Versions/A/Frameworks/ATS.framework/Versions/A/ATS
0x00000000060d7000 	/System/Library/Frameworks/ApplicationServices.framework/Versions/A/Frameworks/ColorSync.framework/Versions/A/ColorSync
0x00000000060d7000 	/System/Library/Frameworks/ApplicationServices.framework/Versions/A/Frameworks/HIServices.framework/Versions/A/HIServices
0x00000000060d7000 	/System/Library/Frameworks/ApplicationServices.framework/Versions/A/Frameworks/LangAnalysis.framework/Versions/A/LangAnalysis
0x00000000060d7000 	/System/Library/Frameworks/ApplicationServices.framework/Versions/A/Frameworks/PrintCore.framework/Versions/A/PrintCore
0x00000000060d7000 	/System/Library/Frameworks/ApplicationServices.framework/Versions/A/Frameworks/QD.framework/Versions/A/QD
0x00000000060d7000 	/System/Library/Frameworks/ApplicationServices.framework/Versions/A/Frameworks/SpeechSynthesis.framework/Versions/A/SpeechSynthesis
0x00000000060d7000 	/System/Library/Frameworks/Metal.framework/Versions/A/Metal
0x00000000060d7000 	/System/Library/Frameworks/Accelerate.framework/Versions/A/Frameworks/vImage.framework/Versions/A/vImage
0x00000000060d7000 	/System/Library/Frameworks/Accelerate.framework/Versions/A/Frameworks/vecLib.framework/Versions/A/vecLib
0x00000000060d7000 	/System/Library/Frameworks/Accelerate.framework/Versions/A/Frameworks/vecLib.framework/Versions/A/libvDSP.dylib
0x00000000060d7000 	/System/Library/Frameworks/Accelerate.framework/Versions/A/Frameworks/vecLib.framework/Versions/A/libvMisc.dylib
0x00000000060d7000 	/System/Library/Frameworks/Accelerate.framework/Versions/A/Frameworks/vecLib.framework/Versions/A/libLAPACK.dylib
0x00000000060d7000 	/System/Library/Frameworks/Accelerate.framework/Versions/A/Frameworks/vecLib.framework/Versions/A/libBLAS.dylib
0x00000000060d7000 	/System/Library/Frameworks/Accelerate.framework/Versions/A/Frameworks/vecLib.framework/Versions/A/libLinearAlgebra.dylib
0x00000000060d7000 	/System/Library/Frameworks/Accelerate.framework/Versions/A/Frameworks/vecLib.framework/Versions/A/libSparseBLAS.dylib
0x00000000060d7000 	/System/Library/PrivateFrameworks/GPUCompiler.framework/libmetal_timestamp.dylib
0x00000000060d7000 	/System/Library/Frameworks/OpenGL.framework/Versions/A/Libraries/libCoreFSCache.dylib
0x00000000060d7000 	/System/Library/PrivateFrameworks/IOAccelerator.framework/Versions/A/IOAccelerator
0x00000000060d7000 	/System/Library/Frameworks/ApplicationServices.framework/Versions/A/Frameworks/ATS.framework/Versions/A/Resources/libFontParser.dylib
0x00000000060d7000 	/System/Library/Frameworks/ApplicationServices.framework/Versions/A/Frameworks/ATS.framework/Versions/A/Resources/libFontRegistry.dylib
0x00000000060d7000 	/System/Library/PrivateFrameworks/AppleVPA.framework/Versions/A/AppleVPA
0x00000000060d7000 	/System/Library/PrivateFrameworks/AppleJPEG.framework/Versions/A/AppleJPEG
0x00000000060d7000 	/System/Library/Frameworks/ImageIO.framework/Versions/A/Resources/libJPEG.dylib
0x00000000060d7000 	/System/Library/Frameworks/ImageIO.framework/Versions/A/Resources/libTIFF.dylib
0x00000000060d7000 	/System/Library/Frameworks/ImageIO.framework/Versions/A/Resources/libPng.dylib
0x00000000060d7000 	/System/Library/Frameworks/ImageIO.framework/Versions/A/Resources/libGIF.dylib
0x00000000060d7000 	/System/Library/Frameworks/ImageIO.framework/Versions/A/Resources/libJP2.dylib
0x00000000060d7000 	/System/Library/Frameworks/ImageIO.framework/Versions/A/Resources/libRadiance.dylib
0x00000000060d7000 	/System/Library/Frameworks/CoreVideo.framework/Versions/A/CoreVideo
0x00000000060d7000 	/System/Library/Frameworks/OpenGL.framework/Versions/A/Libraries/libGLU.dylib
0x00000000060d7000 	/System/Library/Frameworks/OpenGL.framework/Versions/A/Libraries/libGFXShared.dylib
0x00000000060d7000 	/System/Library/Frameworks/OpenGL.framework/Versions/A/Libraries/libGL.dylib
0x00000000060d7000 	/System/Library/Frameworks/OpenGL.framework/Versions/A/Libraries/libGLImage.dylib
0x00000000060d7000 	/System/Library/Frameworks/OpenGL.framework/Versions/A/Libraries/libCVMSPluginSupport.dylib
0x00000000060d7000 	/System/Library/Frameworks/OpenGL.framework/Versions/A/Libraries/libCoreVMClient.dylib
0x00000000060d7000 	/usr/lib/libcups.2.dylib
0x00000000060d7000 	/System/Library/Frameworks/Kerberos.framework/Versions/A/Kerberos
0x00000000060d7000 	/System/Library/Frameworks/GSS.framework/Versions/A/GSS
0x00000000060d7000 	/usr/lib/libresolv.9.dylib
0x00000000060d7000 	/usr/lib/libiconv.2.dylib
0x00000000060d7000 	/System/Library/PrivateFrameworks/Heimdal.framework/Versions/A/Heimdal
0x00000000060d7000 	/usr/lib/libheimdal-asn1.dylib
0x00000000060d7000 	/System/Library/Frameworks/OpenDirectory.framework/Versions/A/OpenDirectory
0x00000000060d7000 	/System/Library/PrivateFrameworks/CommonAuth.framework/Versions/A/CommonAuth
0x00000000060d7000 	/System/Library/Frameworks/OpenDirectory.framework/Versions/A/Frameworks/CFOpenDirectory.framework/Versions/A/CFOpenDirectory
0x00000000060d7000 	/System/Library/Frameworks/SecurityFoundation.framework/Versions/A/SecurityFoundation
0x00000000060d7000 	/System/Library/PrivateFrameworks/LanguageModeling.framework/Versions/A/LanguageModeling
0x00000000060d7000 	/usr/lib/libmarisa.dylib
0x00000000060d7000 	/usr/lib/libChineseTokenizer.dylib
0x00000000060d7000 	/usr/lib/libcmph.dylib
0x00000000060d7000 	/usr/lib/libcompression.dylib
0x00000000060d7000 	/System/Library/Frameworks/ServiceManagement.framework/Versions/A/ServiceManagement
0x00000000060d7000 	/usr/lib/libxslt.1.dylib
0x00000000060d7000 	/System/Library/Frameworks/Carbon.framework/Versions/A/Frameworks/Ink.framework/Versions/A/Ink
0x00000000060d7000 	/usr/lib/libFosl_dynamic.dylib
0x00000000060d7000 	/System/Library/PrivateFrameworks/FaceCore.framework/Versions/A/FaceCore
0x00000000060d7000 	/System/Library/Frameworks/OpenCL.framework/Versions/A/OpenCL
0x00000000060d7000 	/System/Library/PrivateFrameworks/CrashReporterSupport.framework/Versions/A/CrashReporterSupport
0x00000000060d7000 	/System/Library/PrivateFrameworks/IconServices.framework/Versions/A/IconServices
0x00000000060d7000 	/System/Library/PrivateFrameworks/Apple80211.framework/Versions/A/Apple80211
0x00000000060d7000 	/System/Library/Frameworks/CoreWLAN.framework/Versions/A/CoreWLAN
0x00000000060d7000 	/System/Library/Frameworks/IOBluetooth.framework/Versions/A/IOBluetooth
0x00000000060d7000 	/System/Library/PrivateFrameworks/CoreWiFi.framework/Versions/A/CoreWiFi
0x00000000060d7000 	/System/Library/Frameworks/CoreBluetooth.framework/Versions/A/CoreBluetooth
0x00000000060d7000 	/System/Library/PrivateFrameworks/ChunkingLibrary.framework/Versions/A/ChunkingLibrary
0x00000000060d7000 	/System/Library/PrivateFrameworks/DebugSymbols.framework/Versions/A/DebugSymbols
0x00000000060d7000 	/System/Library/PrivateFrameworks/CoreSymbolication.framework/Versions/A/CoreSymbolication
0x00000000060d7000 	/System/Library/PrivateFrameworks/Symbolication.framework/Versions/A/Symbolication
0x00000000060d7000 	/System/Library/PrivateFrameworks/SpeechRecognitionCore.framework/Versions/A/SpeechRecognitionCore
0x0000000108a00000 	/Library/Java/JavaVirtualMachines/jdk1.8.0_31.jdk/Contents/Home/jre/lib/server/libjvm.dylib
0x000000010991f000 	/usr/lib/libstdc++.6.dylib
0x00000001079b5000 	/Library/Java/JavaVirtualMachines/jdk1.8.0_31.jdk/Contents/Home/jre/lib/libverify.dylib
0x00000001079c3000 	/Library/Java/JavaVirtualMachines/jdk1.8.0_31.jdk/Contents/Home/jre/lib/libjava.dylib
0x00000001099de000 	/Library/Java/JavaVirtualMachines/jdk1.8.0_31.jdk/Contents/Home/jre/lib/libzip.dylib
0x000000011ffc7000 	/System/Library/Frameworks/JavaVM.framework/Frameworks/JavaRuntimeSupport.framework/JavaRuntimeSupport
0x000000011ffe2000 	/System/Library/Frameworks/JavaVM.framework/Versions/A/Frameworks/JavaNativeFoundation.framework/Versions/A/JavaNativeFoundation
0x000000011fff7000 	/System/Library/Frameworks/JavaVM.framework/Versions/A/JavaVM
0x00000000060d7000 	/System/Library/Frameworks/Carbon.framework/Versions/A/Carbon
0x0000000120004000 	/System/Library/PrivateFrameworks/JavaLaunching.framework/Versions/A/JavaLaunching
0x00000000060d7000 	/System/Library/Frameworks/Carbon.framework/Versions/A/Frameworks/CommonPanels.framework/Versions/A/CommonPanels
0x00000000060d7000 	/System/Library/Frameworks/Carbon.framework/Versions/A/Frameworks/Help.framework/Versions/A/Help
0x00000000060d7000 	/System/Library/Frameworks/Carbon.framework/Versions/A/Frameworks/ImageCapture.framework/Versions/A/ImageCapture
0x00000000060d7000 	/System/Library/Frameworks/Carbon.framework/Versions/A/Frameworks/OpenScripting.framework/Versions/A/OpenScripting
0x00000000060d7000 	/System/Library/Frameworks/Carbon.framework/Versions/A/Frameworks/Print.framework/Versions/A/Print
0x00000000060d7000 	/System/Library/Frameworks/Carbon.framework/Versions/A/Frameworks/SecurityHI.framework/Versions/A/SecurityHI
0x0000000121a38000 	/Applications/IntelliJ IDEA 14.app/Contents/bin/libbreakgen64.jnilib
0x0000000121ac7000 	/Library/Java/JavaVirtualMachines/jdk1.8.0_31.jdk/Contents/Home/jre/lib/libnet.dylib
0x0000000121b26000 	/Library/Java/JavaVirtualMachines/jdk1.8.0_31.jdk/Contents/Home/jre/lib/libprism_es2.dylib
0x0000000121ba7000 	/System/Library/Frameworks/OpenGL.framework/Resources/GLEngine.bundle/GLEngine
0x00000000060d7000 	/System/Library/Frameworks/OpenGL.framework/Versions/A/Libraries/libGLProgrammability.dylib
0x0000000121d8f000 	/System/Library/Extensions/AppleIntelHD4000GraphicsGLDriver.bundle/Contents/MacOS/AppleIntelHD4000GraphicsGLDriver
0x00000000060d7000 	/System/Library/PrivateFrameworks/GPUSupport.framework/Versions/A/Libraries/libGPUSupportMercury.dylib
0x000000012245d000 	/System/Library/Extensions/GeForceGLDriver.bundle/Contents/MacOS/GeForceGLDriver
0x00000000060d7000 	/System/Library/Extensions/GeForceGLDriver.bundle/Contents/MacOS/libclh.dylib
0x00000001236f5000 	/System/Library/Frameworks/OpenGL.framework/Resources//GLRendererFloat.bundle/GLRendererFloat
0x00000000060d7000 	/System/Library/Frameworks/OpenCL.framework/Versions/A/Libraries/libcldcpuengine.dylib
0x00000000060d7000 	/System/Library/PrivateFrameworks/DiskImages.framework/Versions/A/DiskImages
0x00000000060d7000 	/System/Library/Frameworks/DiscRecording.framework/Versions/A/DiscRecording
0x00000000060d7000 	/usr/lib/libcsfde.dylib
0x00000000060d7000 	/usr/lib/libcurl.4.dylib
0x00000000060d7000 	/System/Library/PrivateFrameworks/MediaKit.framework/Versions/A/MediaKit
0x00000000060d7000 	/System/Library/PrivateFrameworks/ProtectedCloudStorage.framework/Versions/A/ProtectedCloudStorage
0x00000000060d7000 	/usr/lib/libCoreStorage.dylib
0x00000000060d7000 	/System/Library/PrivateFrameworks/EFILogin.framework/Versions/A/EFILogin
0x00000000060d7000 	/usr/lib/libutil.dylib
0x00000000060d7000 	/System/Library/PrivateFrameworks/FindMyDevice.framework/Versions/A/FindMyDevice
0x00000000060d7000 	/System/Library/Frameworks/LDAP.framework/Versions/A/LDAP
0x00000000060d7000 	/usr/lib/libsasl2.2.dylib
0x00000000060d7000 	/System/Library/PrivateFrameworks/CoreDaemon.framework/Versions/B/CoreDaemon
0x00000000060d7000 	/usr/lib/libcrypto.0.9.8.dylib
0x00000000060d7000 	/System/Library/PrivateFrameworks/AppleSRP.framework/Versions/A/AppleSRP
0x00000000060d7000 	/System/Library/PrivateFrameworks/TrustEvaluationAgent.framework/Versions/A/TrustEvaluationAgent
0x0000000123991000 	/Library/Java/JavaVirtualMachines/jdk1.8.0_31.jdk/Contents/Home/jre/lib/libglass.dylib
0x00000000060d7000 	/System/Library/PrivateFrameworks/CoreServicesInternal.framework/Versions/A/CoreServicesInternal
0x00000000060d7000 	/System/Library/CoreServices/RawCamera.bundle/Contents/MacOS/RawCamera
0x00000000060d7000 	/System/Library/Frameworks/CoreGraphics.framework/Versions/A/Resources/libRIP.A.dylib
0x000000012453e000 	/System/Library/Frameworks/Accelerate.framework/Frameworks/vImage.framework/Versions/A/Libraries/libCGInterfaces.dylib
0x00000000060d7000 	/System/Library/PrivateFrameworks/FamilyControls.framework/Versions/A/FamilyControls
0x00000000060d7000 	/System/Library/PrivateFrameworks/CommerceKit.framework/Versions/A/Frameworks/CommerceCore.framework/Versions/A/CommerceCore
0x00000000060d7000 	/System/Library/PrivateFrameworks/SystemAdministration.framework/Versions/A/SystemAdministration
0x00000000060d7000 	/System/Library/PrivateFrameworks/AppContainer.framework/Versions/A/AppContainer
0x00000000060d7000 	/System/Library/PrivateFrameworks/SecCodeWrapper.framework/Versions/A/SecCodeWrapper
0x00000000060d7000 	/System/Library/Frameworks/DirectoryService.framework/Versions/A/DirectoryService
0x00000000060d7000 	/System/Library/PrivateFrameworks/LoginUIKit.framework/Versions/A/Frameworks/LoginUICore.framework/Versions/A/LoginUICore
0x00000000060d7000 	/usr/lib/libodfde.dylib
0x0000000126dfd000 	/Library/Java/JavaVirtualMachines/jdk1.8.0_31.jdk/Contents/Home/jre/lib/libjavafx_font.dylib
0x00000000060d7000 	/System/Library/Frameworks/CoreGraphics.framework/Versions/A/Resources/libCGXType.A.dylib
0x0000000127bd1000 	cl_kernels
0x00000000060d7000 	/System/Library/Frameworks/OpenCL.framework/Versions/A/Libraries/ImageFormats/unorm8_bgra.dylib
0x00000000060d7000 	/System/Library/Frameworks/OpenCL.framework/Versions/A/Libraries/ImageFormats/unorm8_rgba.dylib

VM Arguments:
jvm_args: -Didea.launcher.port=7537 -Didea.launcher.bin.path=/Applications/IntelliJ IDEA 14.app/Contents/bin -Dfile.encoding=UTF-8 
java_command: com.intellij.rt.execution.application.AppMain Main
java_class_path (initial): /Library/Java/JavaVirtualMachines/jdk1.8.0_31.jdk/Contents/Home/lib/ant-javafx.jar:/Library/Java/JavaVirtualMachines/jdk1.8.0_31.jdk/Contents/Home/lib/dt.jar:/Library/Java/JavaVirtualMachines/jdk1.8.0_31.jdk/Contents/Home/lib/javafx-mx.jar:/Library/Java/JavaVirtualMachines/jdk1.8.0_31.jdk/Contents/Home/lib/jconsole.jar:/Library/Java/JavaVirtualMachines/jdk1.8.0_31.jdk/Contents/Home/lib/sa-jdi.jar:/Library/Java/JavaVirtualMachines/jdk1.8.0_31.jdk/Contents/Home/lib/tools.jar:/Library/Java/JavaVirtualMachines/jdk1.8.0_31.jdk/Contents/Home/jre/lib/charsets.jar:/Library/Java/JavaVirtualMachines/jdk1.8.0_31.jdk/Contents/Home/jre/lib/deploy.jar:/Library/Java/JavaVirtualMachines/jdk1.8.0_31.jdk/Contents/Home/jre/lib/javaws.jar:/Library/Java/JavaVirtualMachines/jdk1.8.0_31.jdk/Contents/Home/jre/lib/jce.jar:/Library/Java/JavaVirtualMachines/jdk1.8.0_31.jdk/Contents/Home/jre/lib/jfr.jar:/Library/Java/JavaVirtualMachines/jdk1.8.0_31.jdk/Contents/Home/jre/lib/jfxswt.jar:/Library/Java/JavaVirtualMachines/jdk1.8.0_31.jdk/Contents/Home/jre/lib/jsse.jar:/Library/Java/JavaVirtualMachines/jdk1.8.0_31.jdk/Contents/Home/jre/lib/management-agent.jar:/Library/Java/JavaVirtualMachines/jdk1.8.0_31.jdk/Contents/Home/jre/lib/plugin.jar:/Library/Java/JavaVirtualMachines/jdk1.8.0_31.jdk/Contents/Home/jre/lib/resources.jar:/Library/Java/JavaVirtualMachines/jdk1.8.0_31.jdk/Contents/Home/jre/lib/rt.jar:/Library/Java/JavaVirtualMachines/jdk1.8.0_31.jdk/Contents/Home/jre/lib/ext/cldrdata.jar:/Library/Java/JavaVirtualMachines/jdk1.8.0_31.jdk/Contents/Home/jre/lib/ext/dnsns.jar:/Library/Java/JavaVirtualMachines/jdk1.8.0_31.jdk/Contents/Home/jre/lib/ext/jfxrt.jar:/Library/Java/JavaVirtualMachines/jdk1.8.0_31.jdk/Contents/Home/jre/lib/ext/localedata.jar:/Library/Java/JavaVirtualMachines/jdk1.8.0_31.jdk/Contents/Home/jre/lib/ext/nashorn.jar:/Library/Java/JavaVirtualMachines/jdk1.8.0_31.jdk/Contents/Home/jre/lib/ext/sunec.jar:/Library/Java/JavaVirtualMachines/jdk1.8.0_31.jdk/C
Launcher Type: SUN_STANDARD

Environment Variables:
JAVA_HOME=/Library/Java/JavaVirtualMachines/jdk1.8.0_31.jdk/Contents/Home
PATH=/Users/philipwallenius/.rvm/gems/ruby-2.2.1/bin:/Users/philipwallenius/.rvm/gems/ruby-2.2.1@global/bin:/Users/philipwallenius/.rvm/rubies/ruby-2.2.1/bin:/Applications/mysql/bin/y/google-cloud-sdk/bin:/usr/local/bin:/usr/bin:/bin:/usr/sbin:/sbin:/usr/local/git/bin:/Library/TeX/texbin:/Users/philipwallenius/MyTools/apache-maven-3.2.5/bin:/Users/philipwallenius/.rvm/bin
SHELL=/bin/bash

Signal Handlers:
SIGSEGV: [libjvm.dylib+0x57a0e7], sa_mask[0]=11111111011111110111111111111111, sa_flags=SA_ONSTACK|SA_RESTART|SA_SIGINFO
SIGBUS: [libjvm.dylib+0x57a0e7], sa_mask[0]=11111111011111110111111111111111, sa_flags=SA_RESTART|SA_SIGINFO
SIGFPE: [libjvm.dylib+0x45af24], sa_mask[0]=11111111011111110111111111111111, sa_flags=SA_RESTART|SA_SIGINFO
SIGPIPE: [libjvm.dylib+0x45af24], sa_mask[0]=11111111011111110111111111111111, sa_flags=SA_RESTART|SA_SIGINFO
SIGXFSZ: [libjvm.dylib+0x45af24], sa_mask[0]=11111111011111110111111111111111, sa_flags=SA_RESTART|SA_SIGINFO
SIGILL: [libjvm.dylib+0x45af24], sa_mask[0]=11111111011111110111111111111111, sa_flags=SA_RESTART|SA_SIGINFO
SIGUSR1: SIG_DFL, sa_mask[0]=00000000000000000000000000000000, sa_flags=none
SIGUSR2: [libjvm.dylib+0x45aa42], sa_mask[0]=00100000000000000000000000000000, sa_flags=SA_RESTART|SA_SIGINFO
SIGHUP: [libjvm.dylib+0x459015], sa_mask[0]=11111111011111110111111111111111, sa_flags=SA_RESTART|SA_SIGINFO
SIGINT: [libjvm.dylib+0x459015], sa_mask[0]=11111111011111110111111111111111, sa_flags=SA_RESTART|SA_SIGINFO
SIGTERM: [libjvm.dylib+0x459015], sa_mask[0]=11111111011111110111111111111111, sa_flags=SA_RESTART|SA_SIGINFO
SIGQUIT: [libjvm.dylib+0x459015], sa_mask[0]=11111111011111110111111111111111, sa_flags=SA_RESTART|SA_SIGINFO


---------------  S Y S T E M  ---------------

OS:Bsduname:Darwin 15.0.0 Darwin Kernel Version 15.0.0: Sat Sep 19 15:53:46 PDT 2015; root:xnu-3247.10.11~1/RELEASE_X86_64 x86_64
rlimit: STACK 8192k, CORE 0k, NPROC 709, NOFILE 10240, AS infinity
load average:2.36 2.61 2.62

CPU:total 8 (4 cores per cpu, 2 threads per core) family 6 model 58 stepping 9, cmov, cx8, fxsr, mmx, sse, sse2, sse3, ssse3, sse4.1, sse4.2, popcnt, avx, aes, clmul, erms, ht, tsc, tscinvbit, tscinv

Memory: 4k page, physical 8388608k(200612k free)

/proc/meminfo:


vm_info: Java HotSpot(TM) 64-Bit Server VM (25.31-b07) for bsd-amd64 JRE (1.8.0_31-b13), built on Dec 17 2014 20:45:36 by "java_re" with gcc 4.2.1 (Based on Apple Inc. build 5658) (LLVM build 2336.11.00)

time: Sat Oct 31 16:58:56 2015
elapsed time: 0 seconds (0d 0h 0m 0s)

